<?xml version="1.0" encoding="UTF-8"?>
<!-- Generated by org.testng.reporters.JUnitReportReporter -->
<testsuite skipped="0" hostname="NI-NTB-053" name="com.ondot.selenium.DatabaseConnection" tests="1" failures="0" timestamp="02 ene 2018 16:02:46 GMT" time="0.230" errors="0">
  <testcase name="testDB" time="0.230" classname="com.ondot.selenium.DatabaseConnection"/>
</testsuite> <!-- com.ondot.selenium.DatabaseConnection -->
