<?xml version="1.0" encoding="UTF-8"?>
<!-- Generated by org.testng.reporters.JUnitReportReporter -->
<testsuite skipped="0" hostname="NI-NTB-053" name="com.ondot.selenium.DatabaseConnection" tests="1" failures="0" timestamp="24 ago 2017 18:47:38 GMT" time="0.580" errors="0">
  <testcase name="testDB" time="0.580" classname="com.ondot.selenium.DatabaseConnection"/>
</testsuite> <!-- com.ondot.selenium.DatabaseConnection -->
