<?xml version="1.0" encoding="UTF-8"?>
<!-- Generated by org.testng.reporters.JUnitReportReporter -->
<testsuite skipped="0" hostname="NI-NTB-053" name="com.ondot.testng.SampleTestScript" tests="1" failures="0" timestamp="24 ago 2017 18:55:51 GMT" time="6.359" errors="0">
  <testcase name="openURL" time="6.359" classname="com.ondot.testng.SampleTestScript"/>
</testsuite> <!-- com.ondot.testng.SampleTestScript -->
